Arguments: 
  /usr/local/bin/node /usr/local/bin/yarn install

PATH: 
  /usr/local/bin:/usr/bin:/bin:/usr/sbin:/sbin:/Users/germansanchez/.nvm/versions/node/v9.11.2/bin:/Users/germansanchez/.cargo/bin

Yarn version: 
  1.22.10

Node version: 
  12.0.0

Platform: 
  darwin x64

Trace: 
  Error: https://registry.yarnpkg.com/nextjs-shared: Not found
      at Request.params.callback [as _callback] (/usr/local/lib/node_modules/yarn/lib/cli.js:66988:18)
      at Request.self.callback (/usr/local/lib/node_modules/yarn/lib/cli.js:140662:22)
      at Request.emit (events.js:196:13)
      at Request.<anonymous> (/usr/local/lib/node_modules/yarn/lib/cli.js:141634:10)
      at Request.emit (events.js:196:13)
      at IncomingMessage.<anonymous> (/usr/local/lib/node_modules/yarn/lib/cli.js:141556:12)
      at Object.onceWrapper (events.js:284:20)
      at IncomingMessage.emit (events.js:201:15)
      at endReadableNT (_stream_readable.js:1130:12)
      at processTicksAndRejections (internal/process/task_queues.js:83:17)

npm manifest: 
  {
    "name": "checkout",
    "version": "0.1.0",
    "private": true,
    "scripts": {
      "dev": "next dev",
      "build": "next build",
      "start": "next start"
    },
    "dependencies": {
      "nextjs-shared": "*",
      "@module-federation/nextjs-mf": "^3.1.3",
      "lodash": "4.17.21",
      "next": "^10.2.3",
      "next-compose-plugins": "^2.2.1",
      "react": "17.0.2",
      "react-dom": "17.0.2",
      "webpack": "5.42.0",
      "webpack-merge": "^5.8.0"
    },
    "devDependencies": {
      "@types/react": "^17.0.15",
      "typescript": "^4.3.5"
    },
    "resolutions": {
      "webpack": "^5.0.0"
    }
  }

yarn manifest: 
  No manifest

Lockfile: 
  No lockfile
